<?xml version="1.0" encoding="UTF-8"?>
<robot generator="Robot 4.0.1 (Python 3.9.5 on win32)" generated="20210522 22:28:55.879" rpa="false" schemaversion="2">
<suite id="s1" name="Player" source="E:\Tiago\Projetos\Desenvolvimento\Projetos\Robot Framework\parodify\tests\player.robot">
<test id="s1-t1" name="Reproduzir paródia Bug de Manhã">
<kw name="Open Login Page" library="login">
<kw name="Open Browser" library="Browser">
<arg>https://parodify.herokuapp.com/users/sign_in</arg>
<arg>chromium</arg>
<tag>BrowserControl</tag>
<tag>Setter</tag>
<doc>Opens a new browser instance. Use this keyword for quick experiments or debugging sessions.
Use `New Page` directly instead of `Open Browser` for production and automated execution.
See `Browser, Context and Page` for more information about Browser and related concepts.</doc>
<msg timestamp="20210522 22:28:56.701" level="WARN">Open Browser is for quick experimentation and debugging only. Use New Page for production.</msg>
<msg timestamp="20210522 22:28:56.703" level="INFO">{"browser": "chromium", "headless": false, "handleSIGINT": true, "handleSIGTERM": true, "handleSIGHUP": true, "timeout": 30000.0, "devtools": false, "slowMo": 0.0}</msg>
<msg timestamp="20210522 22:28:57.343" level="INFO">Successfully created browser with options: {"browser":"chromium","headless":false,"handleSIGINT":true,"handleSIGTERM":true,"handleSIGHUP":true,"timeout":30000,"devtools":false,"slowMo":0}</msg>
<msg timestamp="20210522 22:28:57.343" level="INFO">{"acceptDownloads": false, "ignoreHTTPSErrors": false, "bypassCSP": false, "deviceScaleFactor": 1.0, "isMobile": false, "hasTouch": false, "javaScriptEnabled": true, "offline": false, "hideRfBrowser": false}</msg>
<msg timestamp="20210522 22:28:57.362" level="INFO">Successfully created context with  options:
{"acceptDownloads": false, "ignoreHTTPSErrors": false, "bypassCSP": false, "deviceScaleFactor": 1, "isMobile": false, "hasTouch": false, "javaScriptEnabled": true, "offline": false, "hideRfBrowser": false}</msg>
<msg timestamp="20210522 22:28:59.952" level="INFO">Successfully initialized new page object and opened url: https://parodify.herokuapp.com/users/sign_in</msg>
<status status="PASS" starttime="20210522 22:28:56.701" endtime="20210522 22:28:59.952"/>
</kw>
<status status="PASS" starttime="20210522 22:28:56.701" endtime="20210522 22:28:59.952"/>
</kw>
<kw name="Login with" library="login">
<arg>vutu.goes@gmail.com</arg>
<arg>123789</arg>
<kw name="Fill Text" library="Browser">
<arg>[id=user_email]</arg>
<arg>${email}</arg>
<tag>PageContent</tag>
<tag>Setter</tag>
<doc>Clears and fills the given ``text`` into the text field found by ``selector``.</doc>
<msg timestamp="20210522 22:28:59.954" level="INFO">Fills the text 'vutu.goes@gmail.com' in the given field.</msg>
<status status="PASS" starttime="20210522 22:28:59.954" endtime="20210522 22:29:00.001"/>
</kw>
<kw name="Fill Text" library="Browser">
<arg>[id=user_password]</arg>
<arg>${password}</arg>
<tag>PageContent</tag>
<tag>Setter</tag>
<doc>Clears and fills the given ``text`` into the text field found by ``selector``.</doc>
<msg timestamp="20210522 22:29:00.001" level="INFO">Fills the text '123789' in the given field.</msg>
<status status="PASS" starttime="20210522 22:29:00.001" endtime="20210522 22:29:00.015"/>
</kw>
<kw name="Click" library="Browser">
<arg>css=input[name=commit]</arg>
<tag>PageContent</tag>
<tag>Setter</tag>
<doc>Simulates mouse click on the element found by ``selector``.</doc>
<status status="PASS" starttime="20210522 22:29:00.015" endtime="20210522 22:29:00.559"/>
</kw>
<status status="PASS" starttime="20210522 22:28:59.953" endtime="20210522 22:29:00.559"/>
</kw>
<kw name="Wait For Elements State" library="Browser">
<arg>css=a[href="/users/sign_out"]</arg>
<arg>visible</arg>
<arg>20</arg>
<tag>PageContent</tag>
<tag>Wait</tag>
<doc>Waits for the element found by ``selector`` to satisfy state option.</doc>
<msg timestamp="20210522 22:29:00.779" level="INFO">Wait for Element with selector: css=a[href="/users/sign_out"]</msg>
<status status="PASS" starttime="20210522 22:29:00.560" endtime="20210522 22:29:00.779"/>
</kw>
<kw name="Click" library="Browser">
<arg>a[href="/search/new"]</arg>
<tag>PageContent</tag>
<tag>Setter</tag>
<doc>Simulates mouse click on the element found by ``selector``.</doc>
<status status="PASS" starttime="20210522 22:29:00.780" endtime="20210522 22:29:00.816"/>
</kw>
<kw name="Get Text" library="Browser">
<arg>css=h2</arg>
<arg>equal</arg>
<arg>Buscar</arg>
<tag>Assertion</tag>
<tag>Getter</tag>
<tag>PageContent</tag>
<doc>Returns text attribute of the element found by ``selector``.
See the `Finding elements` section for details about the selectors.</doc>
<status status="PASS" starttime="20210522 22:29:00.816" endtime="20210522 22:29:01.046"/>
</kw>
<status status="PASS" starttime="20210522 22:28:56.699" endtime="20210522 22:29:01.046"/>
</test>
<doc>Testando o player do parodify</doc>
<status status="PASS" starttime="20210522 22:28:55.880" endtime="20210522 22:29:01.089"/>
</suite>
<statistics>
<total>
<stat pass="1" fail="0" skip="0">All Tests</stat>
</total>
<tag>
</tag>
<suite>
<stat pass="1" fail="0" skip="0" id="s1" name="Player">Player</stat>
</suite>
</statistics>
<errors>
<msg timestamp="20210522 22:28:56.701" level="WARN">Open Browser is for quick experimentation and debugging only. Use New Page for production.</msg>
</errors>
</robot>
