<?xml version="1.0" encoding="UTF-8"?>
<robot generator="Robot 4.0.1 (Python 3.9.5 on win32)" generated="20210523 20:01:55.474" rpa="false" schemaversion="2">
<suite id="s1" name="Tests" source="E:\Tiago\Projetos\Desenvolvimento\Projetos\Robot Framework\parodify\tests">
<suite id="s1-s1" name="Login" source="E:\Tiago\Projetos\Desenvolvimento\Projetos\Robot Framework\parodify\tests\login.robot">
<test id="s1-s1-t1" name="Login com sucesso">
<kw name="Open Login Page" library="auth">
<kw name="New Browser" library="Browser">
<arg>${browser}</arg>
<arg>${headless}</arg>
<tag>BrowserControl</tag>
<tag>Setter</tag>
<doc>Create a new playwright Browser with specified options.
See `Browser, Context and Page` for more information about Browser and related concepts.</doc>
<msg timestamp="20210523 20:01:56.281" level="INFO">{"browser": "chromium", "headless": false, "handleSIGINT": true, "handleSIGTERM": true, "handleSIGHUP": true, "timeout": 30000.0, "devtools": false, "slowMo": 0.0}</msg>
<msg timestamp="20210523 20:01:57.054" level="INFO">Successfully created browser with options: {"browser":"chromium","headless":false,"handleSIGINT":true,"handleSIGTERM":true,"handleSIGHUP":true,"timeout":30000,"devtools":false,"slowMo":0}</msg>
<status status="PASS" starttime="20210523 20:01:56.281" endtime="20210523 20:01:57.054"/>
</kw>
<kw name="New Page" library="Browser">
<arg>https://parodify.herokuapp.com/users/sign_in</arg>
<tag>BrowserControl</tag>
<tag>Setter</tag>
<doc>Open a new Page. A Page is the Playwright equivalent to a tab.
See `Browser, Context and Page` for more information about Page concept.
Returns a stable identifier for the created page.</doc>
<msg timestamp="20210523 20:02:01.998" level="INFO">Successfully initialized new page object and opened url: https://parodify.herokuapp.com/users/sign_in</msg>
<msg timestamp="20210523 20:02:01.998" level="INFO">No context was open. New context was automatically opened when this page is created.</msg>
<status status="PASS" starttime="20210523 20:01:57.054" endtime="20210523 20:02:01.999"/>
</kw>
<status status="PASS" starttime="20210523 20:01:56.281" endtime="20210523 20:02:01.999"/>
</kw>
<kw name="Login with" library="auth">
<arg>vutu.goes@gmail.com</arg>
<arg>123789</arg>
<kw name="Fill Text" library="Browser">
<arg>[id=user_email]</arg>
<arg>${email}</arg>
<tag>PageContent</tag>
<tag>Setter</tag>
<doc>Clears and fills the given ``text`` into the text field found by ``selector``.</doc>
<msg timestamp="20210523 20:02:02.000" level="INFO">Fills the text 'vutu.goes@gmail.com' in the given field.</msg>
<status status="PASS" starttime="20210523 20:02:02.000" endtime="20210523 20:02:02.033"/>
</kw>
<kw name="Fill Text" library="Browser">
<arg>[id=user_password]</arg>
<arg>${password}</arg>
<tag>PageContent</tag>
<tag>Setter</tag>
<doc>Clears and fills the given ``text`` into the text field found by ``selector``.</doc>
<msg timestamp="20210523 20:02:02.033" level="INFO">Fills the text '123789' in the given field.</msg>
<status status="PASS" starttime="20210523 20:02:02.033" endtime="20210523 20:02:02.047"/>
</kw>
<kw name="Click" library="Browser">
<arg>css=input[name=commit]</arg>
<tag>PageContent</tag>
<tag>Setter</tag>
<doc>Simulates mouse click on the element found by ``selector``.</doc>
<status status="PASS" starttime="20210523 20:02:02.047" endtime="20210523 20:02:02.601"/>
</kw>
<status status="PASS" starttime="20210523 20:02:01.999" endtime="20210523 20:02:02.601"/>
</kw>
<kw name="Wait Sign_out Element" library="auth">
<kw name="Wait For Elements State" library="Browser">
<arg>${LOGOUT_LINK}</arg>
<arg>visible</arg>
<arg>20</arg>
<tag>PageContent</tag>
<tag>Wait</tag>
<doc>Waits for the element found by ``selector`` to satisfy state option.</doc>
<msg timestamp="20210523 20:02:02.833" level="INFO">Wait for Element with selector: css=a[href="/users/sign_out"]</msg>
<status status="PASS" starttime="20210523 20:02:02.603" endtime="20210523 20:02:02.833"/>
</kw>
<status status="PASS" starttime="20210523 20:02:02.602" endtime="20210523 20:02:02.833"/>
</kw>
<kw name="Take Screenshot" library="Browser" type="TEARDOWN">
<tag>PageContent</tag>
<doc>Takes a screenshot of the current window and saves it.</doc>
<msg timestamp="20210523 20:02:02.949" level="INFO" html="true">&lt;/td&gt;&lt;/tr&gt;&lt;tr&gt;&lt;td colspan="3"&gt;&lt;a href="browser/screenshot/robotframework-browser-screenshot-1.png"&gt;&lt;img src="browser/screenshot/robotframework-browser-screenshot-1.png" width="800px"&gt;&lt;/a&gt;</msg>
<status status="PASS" starttime="20210523 20:02:02.833" endtime="20210523 20:02:02.949"/>
</kw>
<status status="PASS" starttime="20210523 20:01:56.281" endtime="20210523 20:02:02.950"/>
</test>
<test id="s1-s1-t2" name="Senha incorreta">
<kw name="Open Login Page" library="auth">
<kw name="New Browser" library="Browser">
<arg>${browser}</arg>
<arg>${headless}</arg>
<tag>BrowserControl</tag>
<tag>Setter</tag>
<doc>Create a new playwright Browser with specified options.
See `Browser, Context and Page` for more information about Browser and related concepts.</doc>
<msg timestamp="20210523 20:02:02.997" level="INFO">{"browser": "chromium", "headless": false, "handleSIGINT": true, "handleSIGTERM": true, "handleSIGHUP": true, "timeout": 30000.0, "devtools": false, "slowMo": 0.0}</msg>
<msg timestamp="20210523 20:02:03.509" level="INFO">Successfully created browser with options: {"browser":"chromium","headless":false,"handleSIGINT":true,"handleSIGTERM":true,"handleSIGHUP":true,"timeout":30000,"devtools":false,"slowMo":0}</msg>
<status status="PASS" starttime="20210523 20:02:02.996" endtime="20210523 20:02:03.509"/>
</kw>
<kw name="New Page" library="Browser">
<arg>https://parodify.herokuapp.com/users/sign_in</arg>
<tag>BrowserControl</tag>
<tag>Setter</tag>
<doc>Open a new Page. A Page is the Playwright equivalent to a tab.
See `Browser, Context and Page` for more information about Page concept.
Returns a stable identifier for the created page.</doc>
<msg timestamp="20210523 20:02:07.999" level="INFO">Successfully initialized new page object and opened url: https://parodify.herokuapp.com/users/sign_in</msg>
<msg timestamp="20210523 20:02:07.999" level="INFO">No context was open. New context was automatically opened when this page is created.</msg>
<status status="PASS" starttime="20210523 20:02:03.509" endtime="20210523 20:02:08.000"/>
</kw>
<status status="PASS" starttime="20210523 20:02:02.996" endtime="20210523 20:02:08.000"/>
</kw>
<kw name="Wait For Elements State" library="Browser">
<arg>css=label[for=user_email]</arg>
<arg>visible</arg>
<arg>20</arg>
<tag>PageContent</tag>
<tag>Wait</tag>
<doc>Waits for the element found by ``selector`` to satisfy state option.</doc>
<msg timestamp="20210523 20:02:08.022" level="INFO">Wait for Element with selector: css=label[for=user_email]</msg>
<status status="PASS" starttime="20210523 20:02:08.000" endtime="20210523 20:02:08.022"/>
</kw>
<kw name="Login with" library="auth">
<arg>vutu.goes@gmail.com</arg>
<arg>123456</arg>
<kw name="Fill Text" library="Browser">
<arg>[id=user_email]</arg>
<arg>${email}</arg>
<tag>PageContent</tag>
<tag>Setter</tag>
<doc>Clears and fills the given ``text`` into the text field found by ``selector``.</doc>
<msg timestamp="20210523 20:02:08.024" level="INFO">Fills the text 'vutu.goes@gmail.com' in the given field.</msg>
<status status="PASS" starttime="20210523 20:02:08.024" endtime="20210523 20:02:08.038"/>
</kw>
<kw name="Fill Text" library="Browser">
<arg>[id=user_password]</arg>
<arg>${password}</arg>
<tag>PageContent</tag>
<tag>Setter</tag>
<doc>Clears and fills the given ``text`` into the text field found by ``selector``.</doc>
<msg timestamp="20210523 20:02:08.039" level="INFO">Fills the text '123456' in the given field.</msg>
<status status="PASS" starttime="20210523 20:02:08.038" endtime="20210523 20:02:08.052"/>
</kw>
<kw name="Click" library="Browser">
<arg>css=input[name=commit]</arg>
<tag>PageContent</tag>
<tag>Setter</tag>
<doc>Simulates mouse click on the element found by ``selector``.</doc>
<status status="PASS" starttime="20210523 20:02:08.052" endtime="20210523 20:02:08.572"/>
</kw>
<status status="PASS" starttime="20210523 20:02:08.023" endtime="20210523 20:02:08.573"/>
</kw>
<kw name="Alert" library="auth">
<arg>Opps! Dados de acesso incorretos!</arg>
<kw name="Get Text" library="Browser">
<arg>div[class=message-body]</arg>
<arg>==</arg>
<arg>${message}</arg>
<tag>Assertion</tag>
<tag>Getter</tag>
<tag>PageContent</tag>
<doc>Returns text attribute of the element found by ``selector``.
See the `Finding elements` section for details about the selectors.</doc>
<status status="PASS" starttime="20210523 20:02:08.574" endtime="20210523 20:02:08.799"/>
</kw>
<status status="PASS" starttime="20210523 20:02:08.573" endtime="20210523 20:02:08.799"/>
</kw>
<kw name="Take Screenshot" library="Browser" type="TEARDOWN">
<tag>PageContent</tag>
<doc>Takes a screenshot of the current window and saves it.</doc>
<msg timestamp="20210523 20:02:09.055" level="INFO" html="true">&lt;/td&gt;&lt;/tr&gt;&lt;tr&gt;&lt;td colspan="3"&gt;&lt;a href="browser/screenshot/robotframework-browser-screenshot-2.png"&gt;&lt;img src="browser/screenshot/robotframework-browser-screenshot-2.png" width="800px"&gt;&lt;/a&gt;</msg>
<status status="PASS" starttime="20210523 20:02:08.800" endtime="20210523 20:02:09.055"/>
</kw>
<status status="PASS" starttime="20210523 20:02:02.992" endtime="20210523 20:02:09.055"/>
</test>
<test id="s1-s1-t3" name="Email incorreto">
<kw name="Open Login Page" library="auth">
<kw name="New Browser" library="Browser">
<arg>${browser}</arg>
<arg>${headless}</arg>
<tag>BrowserControl</tag>
<tag>Setter</tag>
<doc>Create a new playwright Browser with specified options.
See `Browser, Context and Page` for more information about Browser and related concepts.</doc>
<msg timestamp="20210523 20:02:09.111" level="INFO">{"browser": "chromium", "headless": false, "handleSIGINT": true, "handleSIGTERM": true, "handleSIGHUP": true, "timeout": 30000.0, "devtools": false, "slowMo": 0.0}</msg>
<msg timestamp="20210523 20:02:09.633" level="INFO">Successfully created browser with options: {"browser":"chromium","headless":false,"handleSIGINT":true,"handleSIGTERM":true,"handleSIGHUP":true,"timeout":30000,"devtools":false,"slowMo":0}</msg>
<status status="PASS" starttime="20210523 20:02:09.110" endtime="20210523 20:02:09.634"/>
</kw>
<kw name="New Page" library="Browser">
<arg>https://parodify.herokuapp.com/users/sign_in</arg>
<tag>BrowserControl</tag>
<tag>Setter</tag>
<doc>Open a new Page. A Page is the Playwright equivalent to a tab.
See `Browser, Context and Page` for more information about Page concept.
Returns a stable identifier for the created page.</doc>
<msg timestamp="20210523 20:02:14.581" level="INFO">Successfully initialized new page object and opened url: https://parodify.herokuapp.com/users/sign_in</msg>
<msg timestamp="20210523 20:02:14.581" level="INFO">No context was open. New context was automatically opened when this page is created.</msg>
<status status="PASS" starttime="20210523 20:02:09.634" endtime="20210523 20:02:14.581"/>
</kw>
<status status="PASS" starttime="20210523 20:02:09.110" endtime="20210523 20:02:14.581"/>
</kw>
<kw name="Wait For Elements State" library="Browser">
<arg>css=label[for=user_email]</arg>
<arg>visible</arg>
<arg>20</arg>
<tag>PageContent</tag>
<tag>Wait</tag>
<doc>Waits for the element found by ``selector`` to satisfy state option.</doc>
<msg timestamp="20210523 20:02:14.602" level="INFO">Wait for Element with selector: css=label[for=user_email]</msg>
<status status="PASS" starttime="20210523 20:02:14.582" endtime="20210523 20:02:14.602"/>
</kw>
<kw name="Login with" library="auth">
<arg>teste@teste.com.br</arg>
<arg>123789</arg>
<kw name="Fill Text" library="Browser">
<arg>[id=user_email]</arg>
<arg>${email}</arg>
<tag>PageContent</tag>
<tag>Setter</tag>
<doc>Clears and fills the given ``text`` into the text field found by ``selector``.</doc>
<msg timestamp="20210523 20:02:14.603" level="INFO">Fills the text 'teste@teste.com.br' in the given field.</msg>
<status status="PASS" starttime="20210523 20:02:14.603" endtime="20210523 20:02:14.619"/>
</kw>
<kw name="Fill Text" library="Browser">
<arg>[id=user_password]</arg>
<arg>${password}</arg>
<tag>PageContent</tag>
<tag>Setter</tag>
<doc>Clears and fills the given ``text`` into the text field found by ``selector``.</doc>
<msg timestamp="20210523 20:02:14.619" level="INFO">Fills the text '123789' in the given field.</msg>
<status status="PASS" starttime="20210523 20:02:14.619" endtime="20210523 20:02:14.631"/>
</kw>
<kw name="Click" library="Browser">
<arg>css=input[name=commit]</arg>
<tag>PageContent</tag>
<tag>Setter</tag>
<doc>Simulates mouse click on the element found by ``selector``.</doc>
<status status="PASS" starttime="20210523 20:02:14.631" endtime="20210523 20:02:15.002"/>
</kw>
<status status="PASS" starttime="20210523 20:02:14.603" endtime="20210523 20:02:15.002"/>
</kw>
<kw name="Alert" library="auth">
<arg>Opps! Dados de acesso incorretos!</arg>
<kw name="Get Text" library="Browser">
<arg>div[class=message-body]</arg>
<arg>==</arg>
<arg>${message}</arg>
<tag>Assertion</tag>
<tag>Getter</tag>
<tag>PageContent</tag>
<doc>Returns text attribute of the element found by ``selector``.
See the `Finding elements` section for details about the selectors.</doc>
<status status="PASS" starttime="20210523 20:02:15.003" endtime="20210523 20:02:15.225"/>
</kw>
<status status="PASS" starttime="20210523 20:02:15.002" endtime="20210523 20:02:15.226"/>
</kw>
<kw name="Take Screenshot" library="Browser" type="TEARDOWN">
<tag>PageContent</tag>
<doc>Takes a screenshot of the current window and saves it.</doc>
<msg timestamp="20210523 20:02:15.476" level="INFO" html="true">&lt;/td&gt;&lt;/tr&gt;&lt;tr&gt;&lt;td colspan="3"&gt;&lt;a href="browser/screenshot/robotframework-browser-screenshot-3.png"&gt;&lt;img src="browser/screenshot/robotframework-browser-screenshot-3.png" width="800px"&gt;&lt;/a&gt;</msg>
<status status="PASS" starttime="20210523 20:02:15.226" endtime="20210523 20:02:15.476"/>
</kw>
<status status="PASS" starttime="20210523 20:02:09.108" endtime="20210523 20:02:15.476"/>
</test>
<test id="s1-s1-t4" name="Campo e-mail vazio">
<kw name="Open Login Page" library="auth">
<kw name="New Browser" library="Browser">
<arg>${browser}</arg>
<arg>${headless}</arg>
<tag>BrowserControl</tag>
<tag>Setter</tag>
<doc>Create a new playwright Browser with specified options.
See `Browser, Context and Page` for more information about Browser and related concepts.</doc>
<msg timestamp="20210523 20:02:15.543" level="INFO">{"browser": "chromium", "headless": false, "handleSIGINT": true, "handleSIGTERM": true, "handleSIGHUP": true, "timeout": 30000.0, "devtools": false, "slowMo": 0.0}</msg>
<msg timestamp="20210523 20:02:16.110" level="INFO">Successfully created browser with options: {"browser":"chromium","headless":false,"handleSIGINT":true,"handleSIGTERM":true,"handleSIGHUP":true,"timeout":30000,"devtools":false,"slowMo":0}</msg>
<status status="PASS" starttime="20210523 20:02:15.543" endtime="20210523 20:02:16.110"/>
</kw>
<kw name="New Page" library="Browser">
<arg>https://parodify.herokuapp.com/users/sign_in</arg>
<tag>BrowserControl</tag>
<tag>Setter</tag>
<doc>Open a new Page. A Page is the Playwright equivalent to a tab.
See `Browser, Context and Page` for more information about Page concept.
Returns a stable identifier for the created page.</doc>
<msg timestamp="20210523 20:02:21.256" level="INFO">Successfully initialized new page object and opened url: https://parodify.herokuapp.com/users/sign_in</msg>
<msg timestamp="20210523 20:02:21.256" level="INFO">No context was open. New context was automatically opened when this page is created.</msg>
<status status="PASS" starttime="20210523 20:02:16.110" endtime="20210523 20:02:21.257"/>
</kw>
<status status="PASS" starttime="20210523 20:02:15.543" endtime="20210523 20:02:21.257"/>
</kw>
<kw name="Wait For Elements State" library="Browser">
<arg>css=label[for=user_email]</arg>
<arg>visible</arg>
<arg>20</arg>
<tag>PageContent</tag>
<tag>Wait</tag>
<doc>Waits for the element found by ``selector`` to satisfy state option.</doc>
<msg timestamp="20210523 20:02:21.280" level="INFO">Wait for Element with selector: css=label[for=user_email]</msg>
<status status="PASS" starttime="20210523 20:02:21.259" endtime="20210523 20:02:21.280"/>
</kw>
<kw name="Login with" library="auth">
<arg>${EMPTY}</arg>
<arg>123789</arg>
<kw name="Fill Text" library="Browser">
<arg>[id=user_email]</arg>
<arg>${email}</arg>
<tag>PageContent</tag>
<tag>Setter</tag>
<doc>Clears and fills the given ``text`` into the text field found by ``selector``.</doc>
<msg timestamp="20210523 20:02:21.281" level="INFO">Fills the text '' in the given field.</msg>
<status status="PASS" starttime="20210523 20:02:21.281" endtime="20210523 20:02:21.294"/>
</kw>
<kw name="Fill Text" library="Browser">
<arg>[id=user_password]</arg>
<arg>${password}</arg>
<tag>PageContent</tag>
<tag>Setter</tag>
<doc>Clears and fills the given ``text`` into the text field found by ``selector``.</doc>
<msg timestamp="20210523 20:02:21.295" level="INFO">Fills the text '123789' in the given field.</msg>
<status status="PASS" starttime="20210523 20:02:21.294" endtime="20210523 20:02:21.305"/>
</kw>
<kw name="Click" library="Browser">
<arg>css=input[name=commit]</arg>
<tag>PageContent</tag>
<tag>Setter</tag>
<doc>Simulates mouse click on the element found by ``selector``.</doc>
<status status="PASS" starttime="20210523 20:02:21.305" endtime="20210523 20:02:21.691"/>
</kw>
<status status="PASS" starttime="20210523 20:02:21.281" endtime="20210523 20:02:21.691"/>
</kw>
<kw name="Alert" library="auth">
<arg>Opps! Dados de acesso incorretos!</arg>
<kw name="Get Text" library="Browser">
<arg>div[class=message-body]</arg>
<arg>==</arg>
<arg>${message}</arg>
<tag>Assertion</tag>
<tag>Getter</tag>
<tag>PageContent</tag>
<doc>Returns text attribute of the element found by ``selector``.
See the `Finding elements` section for details about the selectors.</doc>
<status status="PASS" starttime="20210523 20:02:21.692" endtime="20210523 20:02:21.923"/>
</kw>
<status status="PASS" starttime="20210523 20:02:21.692" endtime="20210523 20:02:21.923"/>
</kw>
<kw name="Take Screenshot" library="Browser" type="TEARDOWN">
<tag>PageContent</tag>
<doc>Takes a screenshot of the current window and saves it.</doc>
<msg timestamp="20210523 20:02:22.187" level="INFO" html="true">&lt;/td&gt;&lt;/tr&gt;&lt;tr&gt;&lt;td colspan="3"&gt;&lt;a href="browser/screenshot/robotframework-browser-screenshot-4.png"&gt;&lt;img src="browser/screenshot/robotframework-browser-screenshot-4.png" width="800px"&gt;&lt;/a&gt;</msg>
<status status="PASS" starttime="20210523 20:02:21.924" endtime="20210523 20:02:22.187"/>
</kw>
<status status="PASS" starttime="20210523 20:02:15.541" endtime="20210523 20:02:22.188"/>
</test>
<test id="s1-s1-t5" name="Campo senha vazio">
<kw name="Open Login Page" library="auth">
<kw name="New Browser" library="Browser">
<arg>${browser}</arg>
<arg>${headless}</arg>
<tag>BrowserControl</tag>
<tag>Setter</tag>
<doc>Create a new playwright Browser with specified options.
See `Browser, Context and Page` for more information about Browser and related concepts.</doc>
<msg timestamp="20210523 20:02:22.235" level="INFO">{"browser": "chromium", "headless": false, "handleSIGINT": true, "handleSIGTERM": true, "handleSIGHUP": true, "timeout": 30000.0, "devtools": false, "slowMo": 0.0}</msg>
<msg timestamp="20210523 20:02:22.892" level="INFO">Successfully created browser with options: {"browser":"chromium","headless":false,"handleSIGINT":true,"handleSIGTERM":true,"handleSIGHUP":true,"timeout":30000,"devtools":false,"slowMo":0}</msg>
<status status="PASS" starttime="20210523 20:02:22.235" endtime="20210523 20:02:22.893"/>
</kw>
<kw name="New Page" library="Browser">
<arg>https://parodify.herokuapp.com/users/sign_in</arg>
<tag>BrowserControl</tag>
<tag>Setter</tag>
<doc>Open a new Page. A Page is the Playwright equivalent to a tab.
See `Browser, Context and Page` for more information about Page concept.
Returns a stable identifier for the created page.</doc>
<msg timestamp="20210523 20:02:27.491" level="INFO">Successfully initialized new page object and opened url: https://parodify.herokuapp.com/users/sign_in</msg>
<msg timestamp="20210523 20:02:27.491" level="INFO">No context was open. New context was automatically opened when this page is created.</msg>
<status status="PASS" starttime="20210523 20:02:22.893" endtime="20210523 20:02:27.492"/>
</kw>
<status status="PASS" starttime="20210523 20:02:22.234" endtime="20210523 20:02:27.492"/>
</kw>
<kw name="Wait For Elements State" library="Browser">
<arg>css=label[for=user_email]</arg>
<arg>visible</arg>
<arg>20</arg>
<tag>PageContent</tag>
<tag>Wait</tag>
<doc>Waits for the element found by ``selector`` to satisfy state option.</doc>
<msg timestamp="20210523 20:02:27.529" level="INFO">Wait for Element with selector: css=label[for=user_email]</msg>
<status status="PASS" starttime="20210523 20:02:27.496" endtime="20210523 20:02:27.529"/>
</kw>
<kw name="Login with" library="auth">
<arg>vutu.goes@gmail.com</arg>
<arg>${EMPTY}</arg>
<kw name="Fill Text" library="Browser">
<arg>[id=user_email]</arg>
<arg>${email}</arg>
<tag>PageContent</tag>
<tag>Setter</tag>
<doc>Clears and fills the given ``text`` into the text field found by ``selector``.</doc>
<msg timestamp="20210523 20:02:27.531" level="INFO">Fills the text 'vutu.goes@gmail.com' in the given field.</msg>
<status status="PASS" starttime="20210523 20:02:27.530" endtime="20210523 20:02:27.544"/>
</kw>
<kw name="Fill Text" library="Browser">
<arg>[id=user_password]</arg>
<arg>${password}</arg>
<tag>PageContent</tag>
<tag>Setter</tag>
<doc>Clears and fills the given ``text`` into the text field found by ``selector``.</doc>
<msg timestamp="20210523 20:02:27.544" level="INFO">Fills the text '' in the given field.</msg>
<status status="PASS" starttime="20210523 20:02:27.544" endtime="20210523 20:02:27.554"/>
</kw>
<kw name="Click" library="Browser">
<arg>css=input[name=commit]</arg>
<tag>PageContent</tag>
<tag>Setter</tag>
<doc>Simulates mouse click on the element found by ``selector``.</doc>
<status status="PASS" starttime="20210523 20:02:27.555" endtime="20210523 20:02:27.828"/>
</kw>
<status status="PASS" starttime="20210523 20:02:27.530" endtime="20210523 20:02:27.828"/>
</kw>
<kw name="Alert" library="auth">
<arg>Opps! Dados de acesso incorretos!</arg>
<kw name="Get Text" library="Browser">
<arg>div[class=message-body]</arg>
<arg>==</arg>
<arg>${message}</arg>
<tag>Assertion</tag>
<tag>Getter</tag>
<tag>PageContent</tag>
<doc>Returns text attribute of the element found by ``selector``.
See the `Finding elements` section for details about the selectors.</doc>
<status status="PASS" starttime="20210523 20:02:27.829" endtime="20210523 20:02:28.073"/>
</kw>
<status status="PASS" starttime="20210523 20:02:27.829" endtime="20210523 20:02:28.074"/>
</kw>
<kw name="Take Screenshot" library="Browser" type="TEARDOWN">
<tag>PageContent</tag>
<doc>Takes a screenshot of the current window and saves it.</doc>
<msg timestamp="20210523 20:02:28.339" level="INFO" html="true">&lt;/td&gt;&lt;/tr&gt;&lt;tr&gt;&lt;td colspan="3"&gt;&lt;a href="browser/screenshot/robotframework-browser-screenshot-5.png"&gt;&lt;img src="browser/screenshot/robotframework-browser-screenshot-5.png" width="800px"&gt;&lt;/a&gt;</msg>
<status status="PASS" starttime="20210523 20:02:28.074" endtime="20210523 20:02:28.339"/>
</kw>
<status status="PASS" starttime="20210523 20:02:22.232" endtime="20210523 20:02:28.339"/>
</test>
<test id="s1-s1-t6" name="Campo Senha e Email vazios">
<kw name="Open Login Page" library="auth">
<kw name="New Browser" library="Browser">
<arg>${browser}</arg>
<arg>${headless}</arg>
<tag>BrowserControl</tag>
<tag>Setter</tag>
<doc>Create a new playwright Browser with specified options.
See `Browser, Context and Page` for more information about Browser and related concepts.</doc>
<msg timestamp="20210523 20:02:28.382" level="INFO">{"browser": "chromium", "headless": false, "handleSIGINT": true, "handleSIGTERM": true, "handleSIGHUP": true, "timeout": 30000.0, "devtools": false, "slowMo": 0.0}</msg>
<msg timestamp="20210523 20:02:28.909" level="INFO">Successfully created browser with options: {"browser":"chromium","headless":false,"handleSIGINT":true,"handleSIGTERM":true,"handleSIGHUP":true,"timeout":30000,"devtools":false,"slowMo":0}</msg>
<status status="PASS" starttime="20210523 20:02:28.382" endtime="20210523 20:02:28.909"/>
</kw>
<kw name="New Page" library="Browser">
<arg>https://parodify.herokuapp.com/users/sign_in</arg>
<tag>BrowserControl</tag>
<tag>Setter</tag>
<doc>Open a new Page. A Page is the Playwright equivalent to a tab.
See `Browser, Context and Page` for more information about Page concept.
Returns a stable identifier for the created page.</doc>
<msg timestamp="20210523 20:02:34.077" level="INFO">Successfully initialized new page object and opened url: https://parodify.herokuapp.com/users/sign_in</msg>
<msg timestamp="20210523 20:02:34.077" level="INFO">No context was open. New context was automatically opened when this page is created.</msg>
<status status="PASS" starttime="20210523 20:02:28.909" endtime="20210523 20:02:34.077"/>
</kw>
<status status="PASS" starttime="20210523 20:02:28.382" endtime="20210523 20:02:34.077"/>
</kw>
<kw name="Wait For Elements State" library="Browser">
<arg>css=label[for=user_email]</arg>
<arg>visible</arg>
<arg>20</arg>
<tag>PageContent</tag>
<tag>Wait</tag>
<doc>Waits for the element found by ``selector`` to satisfy state option.</doc>
<msg timestamp="20210523 20:02:34.098" level="INFO">Wait for Element with selector: css=label[for=user_email]</msg>
<status status="PASS" starttime="20210523 20:02:34.078" endtime="20210523 20:02:34.098"/>
</kw>
<kw name="Login with" library="auth">
<arg>${EMPTY}</arg>
<arg>${EMPTY}</arg>
<kw name="Fill Text" library="Browser">
<arg>[id=user_email]</arg>
<arg>${email}</arg>
<tag>PageContent</tag>
<tag>Setter</tag>
<doc>Clears and fills the given ``text`` into the text field found by ``selector``.</doc>
<msg timestamp="20210523 20:02:34.100" level="INFO">Fills the text '' in the given field.</msg>
<status status="PASS" starttime="20210523 20:02:34.099" endtime="20210523 20:02:34.112"/>
</kw>
<kw name="Fill Text" library="Browser">
<arg>[id=user_password]</arg>
<arg>${password}</arg>
<tag>PageContent</tag>
<tag>Setter</tag>
<doc>Clears and fills the given ``text`` into the text field found by ``selector``.</doc>
<msg timestamp="20210523 20:02:34.113" level="INFO">Fills the text '' in the given field.</msg>
<status status="PASS" starttime="20210523 20:02:34.113" endtime="20210523 20:02:34.122"/>
</kw>
<kw name="Click" library="Browser">
<arg>css=input[name=commit]</arg>
<tag>PageContent</tag>
<tag>Setter</tag>
<doc>Simulates mouse click on the element found by ``selector``.</doc>
<status status="PASS" starttime="20210523 20:02:34.122" endtime="20210523 20:02:34.422"/>
</kw>
<status status="PASS" starttime="20210523 20:02:34.098" endtime="20210523 20:02:34.422"/>
</kw>
<kw name="Alert" library="auth">
<arg>Opps! Dados de acesso incorretos!</arg>
<kw name="Get Text" library="Browser">
<arg>div[class=message-body]</arg>
<arg>==</arg>
<arg>${message}</arg>
<tag>Assertion</tag>
<tag>Getter</tag>
<tag>PageContent</tag>
<doc>Returns text attribute of the element found by ``selector``.
See the `Finding elements` section for details about the selectors.</doc>
<status status="PASS" starttime="20210523 20:02:34.424" endtime="20210523 20:02:34.653"/>
</kw>
<status status="PASS" starttime="20210523 20:02:34.423" endtime="20210523 20:02:34.653"/>
</kw>
<kw name="Take Screenshot" library="Browser" type="TEARDOWN">
<tag>PageContent</tag>
<doc>Takes a screenshot of the current window and saves it.</doc>
<msg timestamp="20210523 20:02:34.915" level="INFO" html="true">&lt;/td&gt;&lt;/tr&gt;&lt;tr&gt;&lt;td colspan="3"&gt;&lt;a href="browser/screenshot/robotframework-browser-screenshot-6.png"&gt;&lt;img src="browser/screenshot/robotframework-browser-screenshot-6.png" width="800px"&gt;&lt;/a&gt;</msg>
<status status="PASS" starttime="20210523 20:02:34.653" endtime="20210523 20:02:34.915"/>
</kw>
<status status="PASS" starttime="20210523 20:02:28.382" endtime="20210523 20:02:34.916"/>
</test>
<test id="s1-s1-t7" name="Faz Logout">
<kw name="Open Login Page" library="auth">
<kw name="New Browser" library="Browser">
<arg>${browser}</arg>
<arg>${headless}</arg>
<tag>BrowserControl</tag>
<tag>Setter</tag>
<doc>Create a new playwright Browser with specified options.
See `Browser, Context and Page` for more information about Browser and related concepts.</doc>
<msg timestamp="20210523 20:02:34.968" level="INFO">{"browser": "chromium", "headless": false, "handleSIGINT": true, "handleSIGTERM": true, "handleSIGHUP": true, "timeout": 30000.0, "devtools": false, "slowMo": 0.0}</msg>
<msg timestamp="20210523 20:02:35.562" level="INFO">Successfully created browser with options: {"browser":"chromium","headless":false,"handleSIGINT":true,"handleSIGTERM":true,"handleSIGHUP":true,"timeout":30000,"devtools":false,"slowMo":0}</msg>
<status status="PASS" starttime="20210523 20:02:34.968" endtime="20210523 20:02:35.562"/>
</kw>
<kw name="New Page" library="Browser">
<arg>https://parodify.herokuapp.com/users/sign_in</arg>
<tag>BrowserControl</tag>
<tag>Setter</tag>
<doc>Open a new Page. A Page is the Playwright equivalent to a tab.
See `Browser, Context and Page` for more information about Page concept.
Returns a stable identifier for the created page.</doc>
<msg timestamp="20210523 20:02:41.231" level="INFO">Successfully initialized new page object and opened url: https://parodify.herokuapp.com/users/sign_in</msg>
<msg timestamp="20210523 20:02:41.232" level="INFO">No context was open. New context was automatically opened when this page is created.</msg>
<status status="PASS" starttime="20210523 20:02:35.562" endtime="20210523 20:02:41.232"/>
</kw>
<status status="PASS" starttime="20210523 20:02:34.967" endtime="20210523 20:02:41.232"/>
</kw>
<kw name="Login with" library="auth">
<arg>vutu.goes@gmail.com</arg>
<arg>123789</arg>
<kw name="Fill Text" library="Browser">
<arg>[id=user_email]</arg>
<arg>${email}</arg>
<tag>PageContent</tag>
<tag>Setter</tag>
<doc>Clears and fills the given ``text`` into the text field found by ``selector``.</doc>
<msg timestamp="20210523 20:02:41.233" level="INFO">Fills the text 'vutu.goes@gmail.com' in the given field.</msg>
<status status="PASS" starttime="20210523 20:02:41.233" endtime="20210523 20:02:41.262"/>
</kw>
<kw name="Fill Text" library="Browser">
<arg>[id=user_password]</arg>
<arg>${password}</arg>
<tag>PageContent</tag>
<tag>Setter</tag>
<doc>Clears and fills the given ``text`` into the text field found by ``selector``.</doc>
<msg timestamp="20210523 20:02:41.262" level="INFO">Fills the text '123789' in the given field.</msg>
<status status="PASS" starttime="20210523 20:02:41.262" endtime="20210523 20:02:41.275"/>
</kw>
<kw name="Click" library="Browser">
<arg>css=input[name=commit]</arg>
<tag>PageContent</tag>
<tag>Setter</tag>
<doc>Simulates mouse click on the element found by ``selector``.</doc>
<status status="PASS" starttime="20210523 20:02:41.275" endtime="20210523 20:02:41.804"/>
</kw>
<status status="PASS" starttime="20210523 20:02:41.233" endtime="20210523 20:02:41.804"/>
</kw>
<kw name="Wait Sign_out Element" library="auth">
<kw name="Wait For Elements State" library="Browser">
<arg>${LOGOUT_LINK}</arg>
<arg>visible</arg>
<arg>20</arg>
<tag>PageContent</tag>
<tag>Wait</tag>
<doc>Waits for the element found by ``selector`` to satisfy state option.</doc>
<msg timestamp="20210523 20:02:42.029" level="INFO">Wait for Element with selector: css=a[href="/users/sign_out"]</msg>
<status status="PASS" starttime="20210523 20:02:41.805" endtime="20210523 20:02:42.029"/>
</kw>
<status status="PASS" starttime="20210523 20:02:41.805" endtime="20210523 20:02:42.029"/>
</kw>
<kw name="Do Logout" library="auth">
<kw name="Click" library="Browser">
<arg>${LOGOUT_LINK}</arg>
<tag>PageContent</tag>
<tag>Setter</tag>
<doc>Simulates mouse click on the element found by ``selector``.</doc>
<status status="PASS" starttime="20210523 20:02:42.030" endtime="20210523 20:02:42.535"/>
</kw>
<kw name="Wait For Elements State" library="Browser">
<arg>xpath=//h1[contains(text(), "Se estiver no trem ou onibus")]</arg>
<arg>visible</arg>
<arg>20</arg>
<tag>PageContent</tag>
<tag>Wait</tag>
<doc>Waits for the element found by ``selector`` to satisfy state option.</doc>
<msg timestamp="20210523 20:02:42.749" level="INFO">Wait for Element with selector: xpath=//h1[contains(text(), "Se estiver no trem ou onibus")]</msg>
<status status="PASS" starttime="20210523 20:02:42.535" endtime="20210523 20:02:42.749"/>
</kw>
<status status="PASS" starttime="20210523 20:02:42.030" endtime="20210523 20:02:42.750"/>
</kw>
<kw name="Take Screenshot" library="Browser" type="TEARDOWN">
<tag>PageContent</tag>
<doc>Takes a screenshot of the current window and saves it.</doc>
<msg timestamp="20210523 20:02:43.107" level="INFO" html="true">&lt;/td&gt;&lt;/tr&gt;&lt;tr&gt;&lt;td colspan="3"&gt;&lt;a href="browser/screenshot/robotframework-browser-screenshot-7.png"&gt;&lt;img src="browser/screenshot/robotframework-browser-screenshot-7.png" width="800px"&gt;&lt;/a&gt;</msg>
<status status="PASS" starttime="20210523 20:02:42.750" endtime="20210523 20:02:43.107"/>
</kw>
<status status="PASS" starttime="20210523 20:02:34.965" endtime="20210523 20:02:43.108"/>
</test>
<doc>Testes de página login</doc>
<status status="PASS" starttime="20210523 20:01:55.505" endtime="20210523 20:02:43.156"/>
</suite>
<suite id="s1-s2" name="Player" source="E:\Tiago\Projetos\Desenvolvimento\Projetos\Robot Framework\parodify\tests\player.robot">
<test id="s1-s2-t1" name="Reproduzir paródia Bug de Manhã">
<kw name="Open Login Page" library="auth">
<kw name="New Browser" library="Browser">
<arg>${browser}</arg>
<arg>${headless}</arg>
<tag>BrowserControl</tag>
<tag>Setter</tag>
<doc>Create a new playwright Browser with specified options.
See `Browser, Context and Page` for more information about Browser and related concepts.</doc>
<msg timestamp="20210523 20:02:43.163" level="INFO">{"browser": "chromium", "headless": false, "handleSIGINT": true, "handleSIGTERM": true, "handleSIGHUP": true, "timeout": 30000.0, "devtools": false, "slowMo": 0.0}</msg>
<msg timestamp="20210523 20:02:43.802" level="INFO">Successfully created browser with options: {"browser":"chromium","headless":false,"handleSIGINT":true,"handleSIGTERM":true,"handleSIGHUP":true,"timeout":30000,"devtools":false,"slowMo":0}</msg>
<status status="PASS" starttime="20210523 20:02:43.163" endtime="20210523 20:02:43.802"/>
</kw>
<kw name="New Page" library="Browser">
<arg>https://parodify.herokuapp.com/users/sign_in</arg>
<tag>BrowserControl</tag>
<tag>Setter</tag>
<doc>Open a new Page. A Page is the Playwright equivalent to a tab.
See `Browser, Context and Page` for more information about Page concept.
Returns a stable identifier for the created page.</doc>
<msg timestamp="20210523 20:02:47.630" level="INFO">Successfully initialized new page object and opened url: https://parodify.herokuapp.com/users/sign_in</msg>
<msg timestamp="20210523 20:02:47.630" level="INFO">No context was open. New context was automatically opened when this page is created.</msg>
<status status="PASS" starttime="20210523 20:02:43.803" endtime="20210523 20:02:47.631"/>
</kw>
<status status="PASS" starttime="20210523 20:02:43.163" endtime="20210523 20:02:47.631"/>
</kw>
<kw name="Login with" library="auth">
<arg>vutu.goes@gmail.com</arg>
<arg>123789</arg>
<kw name="Fill Text" library="Browser">
<arg>[id=user_email]</arg>
<arg>${email}</arg>
<tag>PageContent</tag>
<tag>Setter</tag>
<doc>Clears and fills the given ``text`` into the text field found by ``selector``.</doc>
<msg timestamp="20210523 20:02:47.632" level="INFO">Fills the text 'vutu.goes@gmail.com' in the given field.</msg>
<status status="PASS" starttime="20210523 20:02:47.632" endtime="20210523 20:02:47.658"/>
</kw>
<kw name="Fill Text" library="Browser">
<arg>[id=user_password]</arg>
<arg>${password}</arg>
<tag>PageContent</tag>
<tag>Setter</tag>
<doc>Clears and fills the given ``text`` into the text field found by ``selector``.</doc>
<msg timestamp="20210523 20:02:47.659" level="INFO">Fills the text '123789' in the given field.</msg>
<status status="PASS" starttime="20210523 20:02:47.659" endtime="20210523 20:02:47.672"/>
</kw>
<kw name="Click" library="Browser">
<arg>css=input[name=commit]</arg>
<tag>PageContent</tag>
<tag>Setter</tag>
<doc>Simulates mouse click on the element found by ``selector``.</doc>
<status status="PASS" starttime="20210523 20:02:47.672" endtime="20210523 20:02:48.240"/>
</kw>
<status status="PASS" starttime="20210523 20:02:47.631" endtime="20210523 20:02:48.240"/>
</kw>
<kw name="Wait For Elements State" library="Browser">
<arg>css=a[href="/users/sign_out"]</arg>
<arg>visible</arg>
<arg>20</arg>
<tag>PageContent</tag>
<tag>Wait</tag>
<doc>Waits for the element found by ``selector`` to satisfy state option.</doc>
<msg timestamp="20210523 20:02:48.481" level="INFO">Wait for Element with selector: css=a[href="/users/sign_out"]</msg>
<status status="PASS" starttime="20210523 20:02:48.240" endtime="20210523 20:02:48.481"/>
</kw>
<kw name="Go to Search Page" library="nav">
<kw name="Click" library="Browser">
<arg>a[href="/search/new"]</arg>
<tag>PageContent</tag>
<tag>Setter</tag>
<doc>Simulates mouse click on the element found by ``selector``.</doc>
<status status="PASS" starttime="20210523 20:02:48.482" endtime="20210523 20:02:48.523"/>
</kw>
<kw name="Wait For Elements State" library="Browser">
<arg>xpath=//h2[contains(text(), "Buscar")]</arg>
<arg>visible</arg>
<arg>20</arg>
<tag>PageContent</tag>
<tag>Wait</tag>
<doc>Waits for the element found by ``selector`` to satisfy state option.</doc>
<msg timestamp="20210523 20:02:48.744" level="INFO">Wait for Element with selector: xpath=//h2[contains(text(), "Buscar")]</msg>
<status status="PASS" starttime="20210523 20:02:48.523" endtime="20210523 20:02:48.745"/>
</kw>
<status status="PASS" starttime="20210523 20:02:48.482" endtime="20210523 20:02:48.745"/>
</kw>
<kw name="Go to Sertanejo Category" library="nav">
<kw name="Click" library="Browser">
<arg>xpath=//img[contains(@src, "sertanejo.png")]/..</arg>
<tag>PageContent</tag>
<tag>Setter</tag>
<doc>Simulates mouse click on the element found by ``selector``.</doc>
<status status="PASS" starttime="20210523 20:02:48.746" endtime="20210523 20:02:49.423"/>
</kw>
<kw name="Wait For Elements State" library="Browser">
<arg>xpath=//h2[contains(text(), "Sertanejo")]</arg>
<arg>visible</arg>
<arg>20</arg>
<tag>PageContent</tag>
<tag>Wait</tag>
<doc>Waits for the element found by ``selector`` to satisfy state option.</doc>
<msg timestamp="20210523 20:02:49.878" level="INFO">Wait for Element with selector: xpath=//h2[contains(text(), "Sertanejo")]</msg>
<status status="PASS" starttime="20210523 20:02:49.423" endtime="20210523 20:02:49.879"/>
</kw>
<status status="PASS" starttime="20210523 20:02:48.746" endtime="20210523 20:02:49.879"/>
</kw>
<kw name="Open Album From" library="nav">
<arg>Marcus e Debug</arg>
<kw name="Click" library="Browser">
<arg>xpath=//p[contains(text(), "${artist_name}")]/..</arg>
<tag>PageContent</tag>
<tag>Setter</tag>
<doc>Simulates mouse click on the element found by ``selector``.</doc>
<status status="PASS" starttime="20210523 20:02:49.880" endtime="20210523 20:02:49.922"/>
</kw>
<kw name="Wait For Elements State" library="Browser">
<arg>xpath=//h2[contains(text(), "Músicas")]</arg>
<tag>PageContent</tag>
<tag>Wait</tag>
<doc>Waits for the element found by ``selector`` to satisfy state option.</doc>
<msg timestamp="20210523 20:02:50.245" level="INFO">Wait for Element with selector: xpath=//h2[contains(text(), "Músicas")]</msg>
<status status="PASS" starttime="20210523 20:02:49.922" endtime="20210523 20:02:50.246"/>
</kw>
<status status="PASS" starttime="20210523 20:02:49.880" endtime="20210523 20:02:50.246"/>
</kw>
<kw name="Play Song" library="song">
<arg>Bug de Manhã</arg>
<kw name="Click" library="Browser">
<arg>//h2[contains(text(), "${song_name}")]/../../div[contains(@class, "play")]//a</arg>
<tag>PageContent</tag>
<tag>Setter</tag>
<doc>Simulates mouse click on the element found by ``selector``.</doc>
<status status="PASS" starttime="20210523 20:02:50.247" endtime="20210523 20:02:50.272"/>
</kw>
<status status="PASS" starttime="20210523 20:02:50.247" endtime="20210523 20:02:50.272"/>
</kw>
<kw name="Song Should Be Playing" library="song">
<arg>Bug de Manhã</arg>
<kw name="Get Style" library="Browser">
<arg>xpath=//h2[contains(text(), "${song_name}")]/../../..</arg>
<arg>color</arg>
<arg>equal</arg>
<arg>rgb(225, 0, 180)</arg>
<tag>Assertion</tag>
<tag>Getter</tag>
<tag>PageContent</tag>
<doc>Gets the computed style properties of the element selected by ``selector``.</doc>
<msg timestamp="20210523 20:02:50.284" level="INFO">Value of key: color</msg>
<msg timestamp="20210523 20:02:50.284" level="INFO">Value of selected property: rgb(225, 0, 180)</msg>
<status status="PASS" starttime="20210523 20:02:50.273" endtime="20210523 20:02:50.284"/>
</kw>
<status status="PASS" starttime="20210523 20:02:50.272" endtime="20210523 20:02:50.284"/>
</kw>
<kw name="Take Screenshot" library="Browser" type="TEARDOWN">
<tag>PageContent</tag>
<doc>Takes a screenshot of the current window and saves it.</doc>
<msg timestamp="20210523 20:02:50.426" level="INFO" html="true">&lt;/td&gt;&lt;/tr&gt;&lt;tr&gt;&lt;td colspan="3"&gt;&lt;a href="browser/screenshot/robotframework-browser-screenshot-8.png"&gt;&lt;img src="browser/screenshot/robotframework-browser-screenshot-8.png" width="800px"&gt;&lt;/a&gt;</msg>
<status status="PASS" starttime="20210523 20:02:50.285" endtime="20210523 20:02:50.426"/>
</kw>
<status status="PASS" starttime="20210523 20:02:43.163" endtime="20210523 20:02:50.427"/>
</test>
<doc>Testando o player do parodify</doc>
<status status="PASS" starttime="20210523 20:02:43.160" endtime="20210523 20:02:50.474"/>
</suite>
<status status="PASS" starttime="20210523 20:01:55.474" endtime="20210523 20:02:50.478"/>
</suite>
<statistics>
<total>
<stat pass="8" fail="0" skip="0">All Tests</stat>
</total>
<tag>
</tag>
<suite>
<stat pass="8" fail="0" skip="0" id="s1" name="Tests">Tests</stat>
<stat pass="7" fail="0" skip="0" id="s1-s1" name="Login">Tests.Login</stat>
<stat pass="1" fail="0" skip="0" id="s1-s2" name="Player">Tests.Player</stat>
</suite>
</statistics>
<errors>
</errors>
</robot>
